0 info it worked if it ends with ok
1 verbose cli [ 'C:\\Program Files\\nodejs\\node.exe',
1 verbose cli   'C:\\Program Files\\nodejs\\node_modules\\npm\\bin\\npm-cli.js',
1 verbose cli   'run',
1 verbose cli   'dev' ]
2 info using npm@3.3.12
3 info using node@v5.3.0
4 verbose run-script [ 'predev', 'dev', 'postdev' ]
5 info lifecycle enginoServer@0.0.1~predev: enginoServer@0.0.1
6 silly lifecycle enginoServer@0.0.1~predev: no script for predev, continuing
7 info lifecycle enginoServer@0.0.1~dev: enginoServer@0.0.1
8 verbose lifecycle enginoServer@0.0.1~dev: unsafe-perm in lifecycle true
9 verbose lifecycle enginoServer@0.0.1~dev: PATH: C:\Program Files\nodejs\node_modules\npm\bin\node-gyp-bin;D:\Development Area\NFL\enginoServer\node_modules\.bin;C:\Users\Pouria\bin;C:\Program Files\Git\mingw64\bin;C:\Program Files\Git\usr\local\bin;C:\Program Files\Git\usr\bin;C:\Program Files\Git\usr\bin;C:\Program Files\Git\mingw64\bin;C:\Program Files\Git\usr\bin;C:\Users\Pouria\bin;C:\Python27;C:\Python27\Scripts;C:\Program Files (x86)\Intel\iCLS Client;C:\Program Files\Intel\iCLS Client;C:\Windows\system32;C:\Windows;C:\Windows\System32\Wbem;C:\Windows\System32\WindowsPowerShell\v1.0;C:\Program Files (x86)\NVIDIA Corporation\PhysX\Common;C:\Program Files\Intel\Intel(R) Management Engine Components\DAL;C:\Program Files\Intel\Intel(R) Management Engine Components\IPT;C:\Program Files (x86)\Intel\Intel(R) Management Engine Components\DAL;C:\Program Files (x86)\Intel\Intel(R) Management Engine Components\IPT;C:\Program Files\Git\cmd;C:\Program Files\Git\mingw64\bin;C:\Program Files\Git\usr\bin;C:\Program Files\Java\jdk1.7.0_79;C:\Program Files\Java\jre;C:\Program Files\Java\jdk1.7.0_79\bin;C:\apache-ant-1.9.3\bin;C:\adb;C:\WINDOWS\system32\config\systemprofile\.dnx\bin;C:\Program Files\Microsoft DNX\Dnvm;C:\Program Files\Microsoft SQL Server\120\Tools\Binn;C:\Program Files (x86)\Windows Kits\10\Windows Performance Toolkit;C:\Program Files (x86)\Microsoft Emulator Manager\1.0;C:\Program Files\nodejs;C:\Program Files\MongoDB\Server\3.2\bin;C:\WINDOWS\system32;C:\WINDOWS;C:\WINDOWS\System32\Wbem;C:\WINDOWS\System32\WindowsPowerShell\v1.0;C:\Program Files (x86)\Skype\Phone;C:\Users\Pouria\AppData\Roaming\npm;C:\Program Files (x86)\MiKTeX 2.5\miktex\bin;C:\Users\Pouria\AppData\Local\.meteor;C:\Program Files\Git\usr\bin\vendor_perl;C:\Program Files\Git\usr\bin\core_perl
10 verbose lifecycle enginoServer@0.0.1~dev: CWD: D:\Development Area\NFL\enginoServer
11 silly lifecycle enginoServer@0.0.1~dev: Args: [ '/d /s /c', 'nodemon -e ls index.js' ]
12 silly lifecycle enginoServer@0.0.1~dev: Returned: code: 1  signal: null
13 info lifecycle enginoServer@0.0.1~dev: Failed to exec dev script
14 verbose stack Error: enginoServer@0.0.1 dev: `nodemon -e ls index.js`
14 verbose stack Exit status 1
14 verbose stack     at EventEmitter.<anonymous> (C:\Program Files\nodejs\node_modules\npm\lib\utils\lifecycle.js:232:16)
14 verbose stack     at emitTwo (events.js:87:13)
14 verbose stack     at EventEmitter.emit (events.js:172:7)
14 verbose stack     at ChildProcess.<anonymous> (C:\Program Files\nodejs\node_modules\npm\lib\utils\spawn.js:24:14)
14 verbose stack     at emitTwo (events.js:87:13)
14 verbose stack     at ChildProcess.emit (events.js:172:7)
14 verbose stack     at maybeClose (internal/child_process.js:818:16)
14 verbose stack     at Process.ChildProcess._handle.onexit (internal/child_process.js:211:5)
15 verbose pkgid enginoServer@0.0.1
16 verbose cwd D:\Development Area\NFL\enginoServer
17 error Windows_NT 10.0.10586
18 error argv "C:\\Program Files\\nodejs\\node.exe" "C:\\Program Files\\nodejs\\node_modules\\npm\\bin\\npm-cli.js" "run" "dev"
19 error node v5.3.0
20 error npm  v3.3.12
21 error code ELIFECYCLE
22 error enginoServer@0.0.1 dev: `nodemon -e ls index.js`
22 error Exit status 1
23 error Failed at the enginoServer@0.0.1 dev script 'nodemon -e ls index.js'.
23 error Make sure you have the latest version of node.js and npm installed.
23 error If you do, this is most likely a problem with the enginoServer package,
23 error not with npm itself.
23 error Tell the author that this fails on your system:
23 error     nodemon -e ls index.js
23 error You can get their info via:
23 error     npm owner ls enginoServer
23 error There is likely additional logging output above.
24 verbose exit [ 1, true ]
